2021-03-23 12:40:37,146 INFO c.s.s.SafetynetalertsApplication [main] Starting SafetynetalertsApplication using Java 15.0.2 on DESKTOP-FUA19CP with PID 5804 (G:\Documents\Cours\OPENCLASSROOM\PROJET5\Code_2\safetynetalerts\target\classes started by bseit in G:\Documents\Cours\OPENCLASSROOM\PROJET5\Code_2\safetynetalerts)
2021-03-23 12:40:37,151 INFO c.s.s.SafetynetalertsApplication [main] No active profile set, falling back to default profiles: default
2021-03-23 12:40:37,889 INFO o.s.b.w.e.t.TomcatWebServer [main] Tomcat initialized with port(s): 8080 (http)
2021-03-23 12:40:37,903 INFO o.a.c.h.Http11NioProtocol [main] Initializing ProtocolHandler ["http-nio-8080"]
2021-03-23 12:40:37,903 INFO o.a.c.c.StandardService [main] Starting service [Tomcat]
2021-03-23 12:40:37,904 INFO o.a.c.c.StandardEngine [main] Starting Servlet engine: [Apache Tomcat/9.0.44]
2021-03-23 12:40:37,962 INFO o.a.c.c.C.[.[.[/] [main] Initializing Spring embedded WebApplicationContext
2021-03-23 12:40:37,962 INFO o.s.b.w.s.c.ServletWebServerApplicationContext [main] Root WebApplicationContext: initialization completed in 783 ms
2021-03-23 12:40:38,080 INFO Controller [main] Create DB connection
2021-03-23 12:40:38,351 INFO Controller [main] Closing DB connection
2021-03-23 12:40:38,351 INFO Controller [main] Closing Result Set
2021-03-23 12:40:38,351 INFO Controller [main] Closing Prepared Statement
2021-03-23 12:40:38,351 INFO Controller [main] Create DB connection
2021-03-23 12:40:38,369 INFO Controller [main] Closing DB connection
2021-03-23 12:40:38,369 INFO Controller [main] Closing Result Set
2021-03-23 12:40:38,369 INFO Controller [main] Closing Prepared Statement
2021-03-23 12:40:38,369 INFO Controller [main] Create DB connection
2021-03-23 12:40:38,385 INFO Controller [main] Closing DB connection
2021-03-23 12:40:38,385 INFO Controller [main] Closing Result Set
2021-03-23 12:40:38,386 INFO Controller [main] Closing Prepared Statement
2021-03-23 12:40:38,386 INFO Controller [main] Create DB connection
2021-03-23 12:40:38,399 INFO Controller [main] Closing DB connection
2021-03-23 12:40:38,399 INFO Controller [main] Closing Result Set
2021-03-23 12:40:38,399 INFO Controller [main] Closing Prepared Statement
2021-03-23 12:40:38,399 INFO Controller [main] Create DB connection
2021-03-23 12:40:38,412 INFO Controller [main] Closing DB connection
2021-03-23 12:40:38,412 INFO Controller [main] Closing Result Set
2021-03-23 12:40:38,412 INFO Controller [main] Closing Prepared Statement
2021-03-23 12:40:38,412 INFO Controller [main] Create DB connection
2021-03-23 12:40:38,424 INFO Controller [main] Closing DB connection
2021-03-23 12:40:38,424 INFO Controller [main] Closing Result Set
2021-03-23 12:40:38,424 INFO Controller [main] Closing Prepared Statement
2021-03-23 12:40:38,424 INFO Controller [main] Create DB connection
2021-03-23 12:40:38,438 INFO Controller [main] Closing DB connection
2021-03-23 12:40:38,438 INFO Controller [main] Closing Result Set
2021-03-23 12:40:38,438 INFO Controller [main] Closing Prepared Statement
2021-03-23 12:40:38,438 INFO Controller [main] Create DB connection
2021-03-23 12:40:38,451 INFO Controller [main] Closing DB connection
2021-03-23 12:40:38,451 INFO Controller [main] Closing Result Set
2021-03-23 12:40:38,451 INFO Controller [main] Closing Prepared Statement
2021-03-23 12:40:38,451 INFO Controller [main] Create DB connection
2021-03-23 12:40:38,463 INFO Controller [main] Closing DB connection
2021-03-23 12:40:38,463 INFO Controller [main] Closing Result Set
2021-03-23 12:40:38,463 INFO Controller [main] Closing Prepared Statement
2021-03-23 12:40:38,463 INFO Controller [main] Create DB connection
2021-03-23 12:40:38,475 INFO Controller [main] Closing DB connection
2021-03-23 12:40:38,476 INFO Controller [main] Closing Result Set
2021-03-23 12:40:38,476 INFO Controller [main] Closing Prepared Statement
2021-03-23 12:40:38,476 INFO Controller [main] Create DB connection
2021-03-23 12:40:38,488 INFO Controller [main] Closing DB connection
2021-03-23 12:40:38,488 INFO Controller [main] Closing Result Set
2021-03-23 12:40:38,488 INFO Controller [main] Closing Prepared Statement
2021-03-23 12:40:38,488 INFO Controller [main] Create DB connection
2021-03-23 12:40:38,502 INFO Controller [main] Closing DB connection
2021-03-23 12:40:38,502 INFO Controller [main] Closing Result Set
2021-03-23 12:40:38,502 INFO Controller [main] Closing Prepared Statement
2021-03-23 12:40:38,502 INFO Controller [main] Create DB connection
2021-03-23 12:40:38,515 INFO Controller [main] Closing DB connection
2021-03-23 12:40:38,515 INFO Controller [main] Closing Result Set
2021-03-23 12:40:38,515 INFO Controller [main] Closing Prepared Statement
2021-03-23 12:40:38,515 INFO Controller [main] Create DB connection
2021-03-23 12:40:38,530 INFO Controller [main] Closing DB connection
2021-03-23 12:40:38,530 INFO Controller [main] Closing Result Set
2021-03-23 12:40:38,530 INFO Controller [main] Closing Prepared Statement
2021-03-23 12:40:38,530 INFO Controller [main] Create DB connection
2021-03-23 12:40:38,545 INFO Controller [main] Closing DB connection
2021-03-23 12:40:38,545 INFO Controller [main] Closing Result Set
2021-03-23 12:40:38,545 INFO Controller [main] Closing Prepared Statement
2021-03-23 12:40:38,545 INFO Controller [main] Create DB connection
2021-03-23 12:40:38,558 INFO Controller [main] Closing DB connection
2021-03-23 12:40:38,558 INFO Controller [main] Closing Result Set
2021-03-23 12:40:38,559 INFO Controller [main] Closing Prepared Statement
2021-03-23 12:40:38,559 INFO Controller [main] Create DB connection
2021-03-23 12:40:38,570 INFO Controller [main] Closing DB connection
2021-03-23 12:40:38,570 INFO Controller [main] Closing Result Set
2021-03-23 12:40:38,571 INFO Controller [main] Closing Prepared Statement
2021-03-23 12:40:38,571 INFO Controller [main] Create DB connection
2021-03-23 12:40:38,581 INFO Controller [main] Closing DB connection
2021-03-23 12:40:38,582 INFO Controller [main] Closing Result Set
2021-03-23 12:40:38,582 INFO Controller [main] Closing Prepared Statement
2021-03-23 12:40:38,582 INFO Controller [main] Create DB connection
2021-03-23 12:40:38,592 INFO Controller [main] Closing DB connection
2021-03-23 12:40:38,592 INFO Controller [main] Closing Result Set
2021-03-23 12:40:38,592 INFO Controller [main] Closing Prepared Statement
2021-03-23 12:40:38,592 INFO Controller [main] Create DB connection
2021-03-23 12:40:38,603 INFO Controller [main] Closing DB connection
2021-03-23 12:40:38,603 INFO Controller [main] Closing Result Set
2021-03-23 12:40:38,603 INFO Controller [main] Closing Prepared Statement
2021-03-23 12:40:38,603 INFO Controller [main] Create DB connection
2021-03-23 12:40:38,614 INFO Controller [main] Closing DB connection
2021-03-23 12:40:38,614 INFO Controller [main] Closing Result Set
2021-03-23 12:40:38,614 INFO Controller [main] Closing Prepared Statement
2021-03-23 12:40:38,614 INFO Controller [main] Create DB connection
2021-03-23 12:40:38,624 INFO Controller [main] Closing DB connection
2021-03-23 12:40:38,624 INFO Controller [main] Closing Result Set
2021-03-23 12:40:38,624 INFO Controller [main] Closing Prepared Statement
2021-03-23 12:40:38,624 INFO Controller [main] Create DB connection
2021-03-23 12:40:38,635 INFO Controller [main] Closing DB connection
2021-03-23 12:40:38,635 INFO Controller [main] Closing Result Set
2021-03-23 12:40:38,635 INFO Controller [main] Closing Prepared Statement
2021-03-23 12:40:38,635 INFO Controller [main] Create DB connection
2021-03-23 12:40:38,646 INFO Controller [main] Closing DB connection
2021-03-23 12:40:38,646 INFO Controller [main] Closing Result Set
2021-03-23 12:40:38,646 INFO Controller [main] Closing Prepared Statement
2021-03-23 12:40:38,646 INFO Controller [main] Create DB connection
2021-03-23 12:40:38,657 INFO Controller [main] Closing DB connection
2021-03-23 12:40:38,657 INFO Controller [main] Closing Result Set
2021-03-23 12:40:38,657 INFO Controller [main] Closing Prepared Statement
2021-03-23 12:40:38,657 INFO Controller [main] Create DB connection
2021-03-23 12:40:38,667 INFO Controller [main] Closing DB connection
2021-03-23 12:40:38,667 INFO Controller [main] Closing Result Set
2021-03-23 12:40:38,667 INFO Controller [main] Closing Prepared Statement
2021-03-23 12:40:38,667 INFO Controller [main] Create DB connection
2021-03-23 12:40:38,678 INFO Controller [main] Closing DB connection
2021-03-23 12:40:38,678 INFO Controller [main] Closing Result Set
2021-03-23 12:40:38,678 INFO Controller [main] Closing Prepared Statement
2021-03-23 12:40:38,678 INFO Controller [main] Create DB connection
2021-03-23 12:40:38,688 INFO Controller [main] Closing DB connection
2021-03-23 12:40:38,688 INFO Controller [main] Closing Result Set
2021-03-23 12:40:38,688 INFO Controller [main] Closing Prepared Statement
2021-03-23 12:40:38,688 INFO Controller [main] Create DB connection
2021-03-23 12:40:38,698 INFO Controller [main] Closing DB connection
2021-03-23 12:40:38,698 INFO Controller [main] Closing Result Set
2021-03-23 12:40:38,698 INFO Controller [main] Closing Prepared Statement
2021-03-23 12:40:38,698 INFO Controller [main] Create DB connection
2021-03-23 12:40:38,710 INFO Controller [main] Closing DB connection
2021-03-23 12:40:38,711 INFO Controller [main] Closing Result Set
2021-03-23 12:40:38,711 INFO Controller [main] Closing Prepared Statement
2021-03-23 12:40:38,711 INFO Controller [main] Create DB connection
2021-03-23 12:40:38,721 INFO Controller [main] Closing DB connection
2021-03-23 12:40:38,721 INFO Controller [main] Closing Result Set
2021-03-23 12:40:38,721 INFO Controller [main] Closing Prepared Statement
2021-03-23 12:40:38,721 INFO Controller [main] Create DB connection
2021-03-23 12:40:38,730 INFO Controller [main] Closing DB connection
2021-03-23 12:40:38,730 INFO Controller [main] Closing Result Set
2021-03-23 12:40:38,730 INFO Controller [main] Closing Prepared Statement
2021-03-23 12:40:38,730 INFO Controller [main] Create DB connection
2021-03-23 12:40:38,739 INFO Controller [main] Closing DB connection
2021-03-23 12:40:38,739 INFO Controller [main] Closing Result Set
2021-03-23 12:40:38,739 INFO Controller [main] Closing Prepared Statement
2021-03-23 12:40:38,739 INFO Controller [main] Create DB connection
2021-03-23 12:40:38,748 INFO Controller [main] Closing DB connection
2021-03-23 12:40:38,748 INFO Controller [main] Closing Result Set
2021-03-23 12:40:38,748 INFO Controller [main] Closing Prepared Statement
2021-03-23 12:40:38,748 INFO Controller [main] Create DB connection
2021-03-23 12:40:38,756 INFO Controller [main] Closing DB connection
2021-03-23 12:40:38,756 INFO Controller [main] Closing Result Set
2021-03-23 12:40:38,756 INFO Controller [main] Closing Prepared Statement
2021-03-23 12:40:38,756 INFO Controller [main] Create DB connection
2021-03-23 12:40:38,764 INFO Controller [main] Closing DB connection
2021-03-23 12:40:38,765 INFO Controller [main] Closing Result Set
2021-03-23 12:40:38,765 INFO Controller [main] Closing Prepared Statement
2021-03-23 12:40:38,765 INFO Controller [main] Create DB connection
2021-03-23 12:40:38,775 INFO Controller [main] Closing DB connection
2021-03-23 12:40:38,775 INFO Controller [main] Closing Result Set
2021-03-23 12:40:38,775 INFO Controller [main] Closing Prepared Statement
2021-03-23 12:40:38,775 INFO Controller [main] Create DB connection
2021-03-23 12:40:38,784 INFO Controller [main] Closing DB connection
2021-03-23 12:40:38,784 INFO Controller [main] Closing Result Set
2021-03-23 12:40:38,784 INFO Controller [main] Closing Prepared Statement
2021-03-23 12:40:38,784 INFO Controller [main] Create DB connection
2021-03-23 12:40:38,793 INFO Controller [main] Closing DB connection
2021-03-23 12:40:38,793 INFO Controller [main] Closing Result Set
2021-03-23 12:40:38,793 INFO Controller [main] Closing Prepared Statement
2021-03-23 12:40:38,793 INFO Controller [main] Create DB connection
2021-03-23 12:40:38,802 INFO Controller [main] Closing DB connection
2021-03-23 12:40:38,802 INFO Controller [main] Closing Result Set
2021-03-23 12:40:38,802 INFO Controller [main] Closing Prepared Statement
2021-03-23 12:40:38,802 INFO Controller [main] Create DB connection
2021-03-23 12:40:38,811 INFO Controller [main] Closing DB connection
2021-03-23 12:40:38,811 INFO Controller [main] Closing Result Set
2021-03-23 12:40:38,811 INFO Controller [main] Closing Prepared Statement
2021-03-23 12:40:38,811 INFO Controller [main] Create DB connection
2021-03-23 12:40:38,819 INFO Controller [main] Closing DB connection
2021-03-23 12:40:38,819 INFO Controller [main] Closing Result Set
2021-03-23 12:40:38,819 INFO Controller [main] Closing Prepared Statement
2021-03-23 12:40:38,819 INFO Controller [main] Create DB connection
2021-03-23 12:40:38,828 INFO Controller [main] Closing DB connection
2021-03-23 12:40:38,828 INFO Controller [main] Closing Result Set
2021-03-23 12:40:38,829 INFO Controller [main] Closing Prepared Statement
2021-03-23 12:40:38,829 INFO Controller [main] Create DB connection
2021-03-23 12:40:38,837 INFO Controller [main] Closing DB connection
2021-03-23 12:40:38,837 INFO Controller [main] Closing Result Set
2021-03-23 12:40:38,837 INFO Controller [main] Closing Prepared Statement
2021-03-23 12:40:38,837 INFO Controller [main] Create DB connection
2021-03-23 12:40:38,846 INFO Controller [main] Closing DB connection
2021-03-23 12:40:38,846 INFO Controller [main] Closing Result Set
2021-03-23 12:40:38,846 INFO Controller [main] Closing Prepared Statement
2021-03-23 12:40:38,846 INFO Controller [main] Create DB connection
2021-03-23 12:40:38,855 INFO Controller [main] Closing DB connection
2021-03-23 12:40:38,855 INFO Controller [main] Closing Result Set
2021-03-23 12:40:38,855 INFO Controller [main] Closing Prepared Statement
2021-03-23 12:40:38,855 INFO Controller [main] Create DB connection
2021-03-23 12:40:38,864 INFO Controller [main] Closing DB connection
2021-03-23 12:40:38,864 INFO Controller [main] Closing Result Set
2021-03-23 12:40:38,864 INFO Controller [main] Closing Prepared Statement
2021-03-23 12:40:38,864 INFO Controller [main] Create DB connection
2021-03-23 12:40:38,872 INFO Controller [main] Closing DB connection
2021-03-23 12:40:38,873 INFO Controller [main] Closing Result Set
2021-03-23 12:40:38,873 INFO Controller [main] Closing Prepared Statement
2021-03-23 12:40:38,873 INFO Controller [main] Create DB connection
2021-03-23 12:40:38,881 INFO Controller [main] Closing DB connection
2021-03-23 12:40:38,881 INFO Controller [main] Closing Result Set
2021-03-23 12:40:38,881 INFO Controller [main] Closing Prepared Statement
2021-03-23 12:40:38,881 INFO Controller [main] Create DB connection
2021-03-23 12:40:38,890 INFO Controller [main] Closing DB connection
2021-03-23 12:40:38,890 INFO Controller [main] Closing Result Set
2021-03-23 12:40:38,890 INFO Controller [main] Closing Prepared Statement
2021-03-23 12:40:38,890 INFO Controller [main] Create DB connection
2021-03-23 12:40:38,899 INFO Controller [main] Closing DB connection
2021-03-23 12:40:38,899 INFO Controller [main] Closing Result Set
2021-03-23 12:40:38,899 INFO Controller [main] Closing Prepared Statement
2021-03-23 12:40:38,899 INFO Controller [main] Create DB connection
2021-03-23 12:40:38,909 INFO Controller [main] Closing DB connection
2021-03-23 12:40:38,909 INFO Controller [main] Closing Result Set
2021-03-23 12:40:38,909 INFO Controller [main] Closing Prepared Statement
2021-03-23 12:40:38,909 INFO Controller [main] Create DB connection
2021-03-23 12:40:38,918 INFO Controller [main] Closing DB connection
2021-03-23 12:40:38,918 INFO Controller [main] Closing Result Set
2021-03-23 12:40:38,918 INFO Controller [main] Closing Prepared Statement
2021-03-23 12:40:38,918 INFO Controller [main] Create DB connection
2021-03-23 12:40:38,927 INFO Controller [main] Closing DB connection
2021-03-23 12:40:38,927 INFO Controller [main] Closing Result Set
2021-03-23 12:40:38,927 INFO Controller [main] Closing Prepared Statement
2021-03-23 12:40:38,927 INFO Controller [main] Create DB connection
2021-03-23 12:40:38,935 INFO Controller [main] Closing DB connection
2021-03-23 12:40:38,935 INFO Controller [main] Closing Result Set
2021-03-23 12:40:38,935 INFO Controller [main] Closing Prepared Statement
2021-03-23 12:40:38,935 INFO Controller [main] Create DB connection
2021-03-23 12:40:38,943 INFO Controller [main] Closing DB connection
2021-03-23 12:40:38,944 INFO Controller [main] Closing Result Set
2021-03-23 12:40:38,944 INFO Controller [main] Closing Prepared Statement
2021-03-23 12:40:38,944 INFO Controller [main] Create DB connection
2021-03-23 12:40:38,951 INFO Controller [main] Closing DB connection
2021-03-23 12:40:38,951 INFO Controller [main] Closing Result Set
2021-03-23 12:40:38,951 INFO Controller [main] Closing Prepared Statement
2021-03-23 12:40:38,951 INFO Controller [main] Create DB connection
2021-03-23 12:40:38,961 INFO Controller [main] Closing DB connection
2021-03-23 12:40:38,961 INFO Controller [main] Closing Result Set
2021-03-23 12:40:38,961 INFO Controller [main] Closing Prepared Statement
2021-03-23 12:40:38,961 INFO Controller [main] Create DB connection
2021-03-23 12:40:38,969 INFO Controller [main] Closing DB connection
2021-03-23 12:40:38,969 INFO Controller [main] Closing Result Set
2021-03-23 12:40:38,969 INFO Controller [main] Closing Prepared Statement
2021-03-23 12:40:39,035 INFO o.s.s.c.ThreadPoolTaskExecutor [main] Initializing ExecutorService 'applicationTaskExecutor'
2021-03-23 12:40:39,178 INFO o.s.b.a.e.w.EndpointLinksResolver [main] Exposing 2 endpoint(s) beneath base path '/actuator'
2021-03-23 12:40:39,192 INFO o.a.c.h.Http11NioProtocol [main] Starting ProtocolHandler ["http-nio-8080"]
2021-03-23 12:40:39,210 INFO o.s.b.w.e.t.TomcatWebServer [main] Tomcat started on port(s): 8080 (http) with context path ''
2021-03-23 12:40:39,219 INFO c.s.s.SafetynetalertsApplication [main] Started SafetynetalertsApplication in 2.268 seconds (JVM running for 2.821)
2021-03-23 12:40:54,124 INFO c.s.s.SafetynetalertsApplication [main] Starting SafetynetalertsApplication using Java 15.0.2 on DESKTOP-FUA19CP with PID 7568 (G:\Documents\Cours\OPENCLASSROOM\PROJET5\Code_2\safetynetalerts\target\classes started by bseit in G:\Documents\Cours\OPENCLASSROOM\PROJET5\Code_2\safetynetalerts)
2021-03-23 12:40:54,129 INFO c.s.s.SafetynetalertsApplication [main] No active profile set, falling back to default profiles: default
2021-03-23 12:40:54,825 INFO o.s.b.w.e.t.TomcatWebServer [main] Tomcat initialized with port(s): 8080 (http)
2021-03-23 12:40:54,837 INFO o.a.c.h.Http11NioProtocol [main] Initializing ProtocolHandler ["http-nio-8080"]
2021-03-23 12:40:54,837 INFO o.a.c.c.StandardService [main] Starting service [Tomcat]
2021-03-23 12:40:54,837 INFO o.a.c.c.StandardEngine [main] Starting Servlet engine: [Apache Tomcat/9.0.44]
2021-03-23 12:40:54,887 INFO o.a.c.c.C.[.[.[/] [main] Initializing Spring embedded WebApplicationContext
2021-03-23 12:40:54,887 INFO o.s.b.w.s.c.ServletWebServerApplicationContext [main] Root WebApplicationContext: initialization completed in 733 ms
2021-03-23 12:40:54,997 INFO Controller [main] Create DB connection
2021-03-23 12:40:55,259 INFO Controller [main] Closing DB connection
2021-03-23 12:40:55,259 INFO Controller [main] Closing Result Set
2021-03-23 12:40:55,259 INFO Controller [main] Closing Prepared Statement
2021-03-23 12:40:55,259 INFO Controller [main] Create DB connection
2021-03-23 12:40:55,274 INFO Controller [main] Closing DB connection
2021-03-23 12:40:55,274 INFO Controller [main] Closing Result Set
2021-03-23 12:40:55,274 INFO Controller [main] Closing Prepared Statement
2021-03-23 12:40:55,274 INFO Controller [main] Create DB connection
2021-03-23 12:40:55,287 INFO Controller [main] Closing DB connection
2021-03-23 12:40:55,287 INFO Controller [main] Closing Result Set
2021-03-23 12:40:55,287 INFO Controller [main] Closing Prepared Statement
2021-03-23 12:40:55,287 INFO Controller [main] Create DB connection
2021-03-23 12:40:55,299 INFO Controller [main] Closing DB connection
2021-03-23 12:40:55,299 INFO Controller [main] Closing Result Set
2021-03-23 12:40:55,299 INFO Controller [main] Closing Prepared Statement
2021-03-23 12:40:55,299 INFO Controller [main] Create DB connection
2021-03-23 12:40:55,310 INFO Controller [main] Closing DB connection
2021-03-23 12:40:55,311 INFO Controller [main] Closing Result Set
2021-03-23 12:40:55,311 INFO Controller [main] Closing Prepared Statement
2021-03-23 12:40:55,311 INFO Controller [main] Create DB connection
2021-03-23 12:40:55,324 INFO Controller [main] Closing DB connection
2021-03-23 12:40:55,324 INFO Controller [main] Closing Result Set
2021-03-23 12:40:55,324 INFO Controller [main] Closing Prepared Statement
2021-03-23 12:40:55,324 INFO Controller [main] Create DB connection
2021-03-23 12:40:55,337 INFO Controller [main] Closing DB connection
2021-03-23 12:40:55,337 INFO Controller [main] Closing Result Set
2021-03-23 12:40:55,337 INFO Controller [main] Closing Prepared Statement
2021-03-23 12:40:55,337 INFO Controller [main] Create DB connection
2021-03-23 12:40:55,349 INFO Controller [main] Closing DB connection
2021-03-23 12:40:55,349 INFO Controller [main] Closing Result Set
2021-03-23 12:40:55,349 INFO Controller [main] Closing Prepared Statement
2021-03-23 12:40:55,349 INFO Controller [main] Create DB connection
2021-03-23 12:40:55,360 INFO Controller [main] Closing DB connection
2021-03-23 12:40:55,360 INFO Controller [main] Closing Result Set
2021-03-23 12:40:55,360 INFO Controller [main] Closing Prepared Statement
2021-03-23 12:40:55,360 INFO Controller [main] Create DB connection
2021-03-23 12:40:55,372 INFO Controller [main] Closing DB connection
2021-03-23 12:40:55,372 INFO Controller [main] Closing Result Set
2021-03-23 12:40:55,372 INFO Controller [main] Closing Prepared Statement
2021-03-23 12:40:55,372 INFO Controller [main] Create DB connection
2021-03-23 12:40:55,385 INFO Controller [main] Closing DB connection
2021-03-23 12:40:55,385 INFO Controller [main] Closing Result Set
2021-03-23 12:40:55,385 INFO Controller [main] Closing Prepared Statement
2021-03-23 12:40:55,385 INFO Controller [main] Create DB connection
2021-03-23 12:40:55,399 INFO Controller [main] Closing DB connection
2021-03-23 12:40:55,399 INFO Controller [main] Closing Result Set
2021-03-23 12:40:55,399 INFO Controller [main] Closing Prepared Statement
2021-03-23 12:40:55,399 INFO Controller [main] Create DB connection
2021-03-23 12:40:55,412 INFO Controller [main] Closing DB connection
2021-03-23 12:40:55,412 INFO Controller [main] Closing Result Set
2021-03-23 12:40:55,412 INFO Controller [main] Closing Prepared Statement
2021-03-23 12:40:55,412 INFO Controller [main] Create DB connection
2021-03-23 12:40:55,424 INFO Controller [main] Closing DB connection
2021-03-23 12:40:55,425 INFO Controller [main] Closing Result Set
2021-03-23 12:40:55,425 INFO Controller [main] Closing Prepared Statement
2021-03-23 12:40:55,425 INFO Controller [main] Create DB connection
2021-03-23 12:40:55,436 INFO Controller [main] Closing DB connection
2021-03-23 12:40:55,436 INFO Controller [main] Closing Result Set
2021-03-23 12:40:55,436 INFO Controller [main] Closing Prepared Statement
2021-03-23 12:40:55,436 INFO Controller [main] Create DB connection
2021-03-23 12:40:55,447 INFO Controller [main] Closing DB connection
2021-03-23 12:40:55,447 INFO Controller [main] Closing Result Set
2021-03-23 12:40:55,447 INFO Controller [main] Closing Prepared Statement
2021-03-23 12:40:55,447 INFO Controller [main] Create DB connection
2021-03-23 12:40:55,457 INFO Controller [main] Closing DB connection
2021-03-23 12:40:55,457 INFO Controller [main] Closing Result Set
2021-03-23 12:40:55,457 INFO Controller [main] Closing Prepared Statement
2021-03-23 12:40:55,457 INFO Controller [main] Create DB connection
2021-03-23 12:40:55,468 INFO Controller [main] Closing DB connection
2021-03-23 12:40:55,468 INFO Controller [main] Closing Result Set
2021-03-23 12:40:55,468 INFO Controller [main] Closing Prepared Statement
2021-03-23 12:40:55,468 INFO Controller [main] Create DB connection
2021-03-23 12:40:55,478 INFO Controller [main] Closing DB connection
2021-03-23 12:40:55,478 INFO Controller [main] Closing Result Set
2021-03-23 12:40:55,478 INFO Controller [main] Closing Prepared Statement
2021-03-23 12:40:55,478 INFO Controller [main] Create DB connection
2021-03-23 12:40:55,489 INFO Controller [main] Closing DB connection
2021-03-23 12:40:55,489 INFO Controller [main] Closing Result Set
2021-03-23 12:40:55,489 INFO Controller [main] Closing Prepared Statement
2021-03-23 12:40:55,489 INFO Controller [main] Create DB connection
2021-03-23 12:40:55,499 INFO Controller [main] Closing DB connection
2021-03-23 12:40:55,499 INFO Controller [main] Closing Result Set
2021-03-23 12:40:55,499 INFO Controller [main] Closing Prepared Statement
2021-03-23 12:40:55,499 INFO Controller [main] Create DB connection
2021-03-23 12:40:55,509 INFO Controller [main] Closing DB connection
2021-03-23 12:40:55,510 INFO Controller [main] Closing Result Set
2021-03-23 12:40:55,510 INFO Controller [main] Closing Prepared Statement
2021-03-23 12:40:55,510 INFO Controller [main] Create DB connection
2021-03-23 12:40:55,520 INFO Controller [main] Closing DB connection
2021-03-23 12:40:55,520 INFO Controller [main] Closing Result Set
2021-03-23 12:40:55,520 INFO Controller [main] Closing Prepared Statement
2021-03-23 12:40:55,521 INFO Controller [main] Create DB connection
2021-03-23 12:40:55,531 INFO Controller [main] Closing DB connection
2021-03-23 12:40:55,531 INFO Controller [main] Closing Result Set
2021-03-23 12:40:55,531 INFO Controller [main] Closing Prepared Statement
2021-03-23 12:40:55,531 INFO Controller [main] Create DB connection
2021-03-23 12:40:55,541 INFO Controller [main] Closing DB connection
2021-03-23 12:40:55,541 INFO Controller [main] Closing Result Set
2021-03-23 12:40:55,541 INFO Controller [main] Closing Prepared Statement
2021-03-23 12:40:55,541 INFO Controller [main] Create DB connection
2021-03-23 12:40:55,552 INFO Controller [main] Closing DB connection
2021-03-23 12:40:55,552 INFO Controller [main] Closing Result Set
2021-03-23 12:40:55,552 INFO Controller [main] Closing Prepared Statement
2021-03-23 12:40:55,552 INFO Controller [main] Create DB connection
2021-03-23 12:40:55,563 INFO Controller [main] Closing DB connection
2021-03-23 12:40:55,563 INFO Controller [main] Closing Result Set
2021-03-23 12:40:55,563 INFO Controller [main] Closing Prepared Statement
2021-03-23 12:40:55,563 INFO Controller [main] Create DB connection
2021-03-23 12:40:55,572 INFO Controller [main] Closing DB connection
2021-03-23 12:40:55,573 INFO Controller [main] Closing Result Set
2021-03-23 12:40:55,573 INFO Controller [main] Closing Prepared Statement
2021-03-23 12:40:55,573 INFO Controller [main] Create DB connection
2021-03-23 12:40:55,583 INFO Controller [main] Closing DB connection
2021-03-23 12:40:55,583 INFO Controller [main] Closing Result Set
2021-03-23 12:40:55,583 INFO Controller [main] Closing Prepared Statement
2021-03-23 12:40:55,583 INFO Controller [main] Create DB connection
2021-03-23 12:40:55,593 INFO Controller [main] Closing DB connection
2021-03-23 12:40:55,593 INFO Controller [main] Closing Result Set
2021-03-23 12:40:55,593 INFO Controller [main] Closing Prepared Statement
2021-03-23 12:40:55,593 INFO Controller [main] Create DB connection
2021-03-23 12:40:55,603 INFO Controller [main] Closing DB connection
2021-03-23 12:40:55,603 INFO Controller [main] Closing Result Set
2021-03-23 12:40:55,603 INFO Controller [main] Closing Prepared Statement
2021-03-23 12:40:55,603 INFO Controller [main] Create DB connection
2021-03-23 12:40:55,613 INFO Controller [main] Closing DB connection
2021-03-23 12:40:55,613 INFO Controller [main] Closing Result Set
2021-03-23 12:40:55,613 INFO Controller [main] Closing Prepared Statement
2021-03-23 12:40:55,613 INFO Controller [main] Create DB connection
2021-03-23 12:40:55,625 INFO Controller [main] Closing DB connection
2021-03-23 12:40:55,625 INFO Controller [main] Closing Result Set
2021-03-23 12:40:55,625 INFO Controller [main] Closing Prepared Statement
2021-03-23 12:40:55,625 INFO Controller [main] Create DB connection
2021-03-23 12:40:55,634 INFO Controller [main] Closing DB connection
2021-03-23 12:40:55,635 INFO Controller [main] Closing Result Set
2021-03-23 12:40:55,635 INFO Controller [main] Closing Prepared Statement
2021-03-23 12:40:55,635 INFO Controller [main] Create DB connection
2021-03-23 12:40:55,643 INFO Controller [main] Closing DB connection
2021-03-23 12:40:55,643 INFO Controller [main] Closing Result Set
2021-03-23 12:40:55,643 INFO Controller [main] Closing Prepared Statement
2021-03-23 12:40:55,643 INFO Controller [main] Create DB connection
2021-03-23 12:40:55,651 INFO Controller [main] Closing DB connection
2021-03-23 12:40:55,651 INFO Controller [main] Closing Result Set
2021-03-23 12:40:55,651 INFO Controller [main] Closing Prepared Statement
2021-03-23 12:40:55,652 INFO Controller [main] Create DB connection
2021-03-23 12:40:55,661 INFO Controller [main] Closing DB connection
2021-03-23 12:40:55,661 INFO Controller [main] Closing Result Set
2021-03-23 12:40:55,661 INFO Controller [main] Closing Prepared Statement
2021-03-23 12:40:55,661 INFO Controller [main] Create DB connection
2021-03-23 12:40:55,669 INFO Controller [main] Closing DB connection
2021-03-23 12:40:55,669 INFO Controller [main] Closing Result Set
2021-03-23 12:40:55,669 INFO Controller [main] Closing Prepared Statement
2021-03-23 12:40:55,670 INFO Controller [main] Create DB connection
2021-03-23 12:40:55,678 INFO Controller [main] Closing DB connection
2021-03-23 12:40:55,678 INFO Controller [main] Closing Result Set
2021-03-23 12:40:55,678 INFO Controller [main] Closing Prepared Statement
2021-03-23 12:40:55,678 INFO Controller [main] Create DB connection
2021-03-23 12:40:55,687 INFO Controller [main] Closing DB connection
2021-03-23 12:40:55,687 INFO Controller [main] Closing Result Set
2021-03-23 12:40:55,687 INFO Controller [main] Closing Prepared Statement
2021-03-23 12:40:55,687 INFO Controller [main] Create DB connection
2021-03-23 12:40:55,696 INFO Controller [main] Closing DB connection
2021-03-23 12:40:55,696 INFO Controller [main] Closing Result Set
2021-03-23 12:40:55,696 INFO Controller [main] Closing Prepared Statement
2021-03-23 12:40:55,696 INFO Controller [main] Create DB connection
2021-03-23 12:40:55,704 INFO Controller [main] Closing DB connection
2021-03-23 12:40:55,704 INFO Controller [main] Closing Result Set
2021-03-23 12:40:55,704 INFO Controller [main] Closing Prepared Statement
2021-03-23 12:40:55,704 INFO Controller [main] Create DB connection
2021-03-23 12:40:55,713 INFO Controller [main] Closing DB connection
2021-03-23 12:40:55,713 INFO Controller [main] Closing Result Set
2021-03-23 12:40:55,713 INFO Controller [main] Closing Prepared Statement
2021-03-23 12:40:55,713 INFO Controller [main] Create DB connection
2021-03-23 12:40:55,721 INFO Controller [main] Closing DB connection
2021-03-23 12:40:55,722 INFO Controller [main] Closing Result Set
2021-03-23 12:40:55,722 INFO Controller [main] Closing Prepared Statement
2021-03-23 12:40:55,722 INFO Controller [main] Create DB connection
2021-03-23 12:40:55,730 INFO Controller [main] Closing DB connection
2021-03-23 12:40:55,730 INFO Controller [main] Closing Result Set
2021-03-23 12:40:55,730 INFO Controller [main] Closing Prepared Statement
2021-03-23 12:40:55,730 INFO Controller [main] Create DB connection
2021-03-23 12:40:55,738 INFO Controller [main] Closing DB connection
2021-03-23 12:40:55,738 INFO Controller [main] Closing Result Set
2021-03-23 12:40:55,738 INFO Controller [main] Closing Prepared Statement
2021-03-23 12:40:55,738 INFO Controller [main] Create DB connection
2021-03-23 12:40:55,747 INFO Controller [main] Closing DB connection
2021-03-23 12:40:55,747 INFO Controller [main] Closing Result Set
2021-03-23 12:40:55,747 INFO Controller [main] Closing Prepared Statement
2021-03-23 12:40:55,747 INFO Controller [main] Create DB connection
2021-03-23 12:40:55,755 INFO Controller [main] Closing DB connection
2021-03-23 12:40:55,755 INFO Controller [main] Closing Result Set
2021-03-23 12:40:55,755 INFO Controller [main] Closing Prepared Statement
2021-03-23 12:40:55,755 INFO Controller [main] Create DB connection
2021-03-23 12:40:55,763 INFO Controller [main] Closing DB connection
2021-03-23 12:40:55,763 INFO Controller [main] Closing Result Set
2021-03-23 12:40:55,763 INFO Controller [main] Closing Prepared Statement
2021-03-23 12:40:55,763 INFO Controller [main] Create DB connection
2021-03-23 12:40:55,772 INFO Controller [main] Closing DB connection
2021-03-23 12:40:55,772 INFO Controller [main] Closing Result Set
2021-03-23 12:40:55,772 INFO Controller [main] Closing Prepared Statement
2021-03-23 12:40:55,772 INFO Controller [main] Create DB connection
2021-03-23 12:40:55,780 INFO Controller [main] Closing DB connection
2021-03-23 12:40:55,780 INFO Controller [main] Closing Result Set
2021-03-23 12:40:55,780 INFO Controller [main] Closing Prepared Statement
2021-03-23 12:40:55,780 INFO Controller [main] Create DB connection
2021-03-23 12:40:55,790 INFO Controller [main] Closing DB connection
2021-03-23 12:40:55,790 INFO Controller [main] Closing Result Set
2021-03-23 12:40:55,790 INFO Controller [main] Closing Prepared Statement
2021-03-23 12:40:55,790 INFO Controller [main] Create DB connection
2021-03-23 12:40:55,799 INFO Controller [main] Closing DB connection
2021-03-23 12:40:55,799 INFO Controller [main] Closing Result Set
2021-03-23 12:40:55,799 INFO Controller [main] Closing Prepared Statement
2021-03-23 12:40:55,799 INFO Controller [main] Create DB connection
2021-03-23 12:40:55,808 INFO Controller [main] Closing DB connection
2021-03-23 12:40:55,808 INFO Controller [main] Closing Result Set
2021-03-23 12:40:55,808 INFO Controller [main] Closing Prepared Statement
2021-03-23 12:40:55,808 INFO Controller [main] Create DB connection
2021-03-23 12:40:55,816 INFO Controller [main] Closing DB connection
2021-03-23 12:40:55,816 INFO Controller [main] Closing Result Set
2021-03-23 12:40:55,816 INFO Controller [main] Closing Prepared Statement
2021-03-23 12:40:55,816 INFO Controller [main] Create DB connection
2021-03-23 12:40:55,825 INFO Controller [main] Closing DB connection
2021-03-23 12:40:55,825 INFO Controller [main] Closing Result Set
2021-03-23 12:40:55,825 INFO Controller [main] Closing Prepared Statement
2021-03-23 12:40:55,825 INFO Controller [main] Create DB connection
2021-03-23 12:40:55,833 INFO Controller [main] Closing DB connection
2021-03-23 12:40:55,833 INFO Controller [main] Closing Result Set
2021-03-23 12:40:55,833 INFO Controller [main] Closing Prepared Statement
2021-03-23 12:40:55,833 INFO Controller [main] Create DB connection
2021-03-23 12:40:55,841 INFO Controller [main] Closing DB connection
2021-03-23 12:40:55,841 INFO Controller [main] Closing Result Set
2021-03-23 12:40:55,841 INFO Controller [main] Closing Prepared Statement
2021-03-23 12:40:55,841 INFO Controller [main] Create DB connection
2021-03-23 12:40:55,848 INFO Controller [main] Closing DB connection
2021-03-23 12:40:55,848 INFO Controller [main] Closing Result Set
2021-03-23 12:40:55,848 INFO Controller [main] Closing Prepared Statement
2021-03-23 12:40:55,911 INFO o.s.s.c.ThreadPoolTaskExecutor [main] Initializing ExecutorService 'applicationTaskExecutor'
2021-03-23 12:40:56,052 INFO o.s.b.a.e.w.EndpointLinksResolver [main] Exposing 2 endpoint(s) beneath base path '/actuator'
2021-03-23 12:40:56,068 INFO o.a.c.h.Http11NioProtocol [main] Starting ProtocolHandler ["http-nio-8080"]
2021-03-23 12:40:56,085 INFO o.s.b.w.e.t.TomcatWebServer [main] Tomcat started on port(s): 8080 (http) with context path ''
2021-03-23 12:40:56,093 INFO c.s.s.SafetynetalertsApplication [main] Started SafetynetalertsApplication in 2.166 seconds (JVM running for 2.688)
